<?xml version="1.0" encoding="UTF-8" ?>
<testsuite failures="0" time="0.29" errors="0" skipped="0" tests="4" name="com.zakioussama.treemerger.TreeTest">
  <properties>
[...]
</properties>
  <testcase time="0.13" classname="com.zakioussama.treemerger.TreeTest" name="shouldThrow1"/>
  <testcase time="0" classname="com.zakioussama.treemerger.TreeTest" name="shouldThrow2"/>
  <testcase time="0" classname="com.zakioussama.treemerger.TreeTest" name="shouldThrow3"/>
  <testcase time="0.01" classname="com.zakioussama.treemerger.TreeTest" name="shouldThrow5"/>
</testsuite>